{"/Users/Stuardo/workspace/ReactNative/CodeChallengeDigitalHouse/assets/Subtract.png": {"path":"/Users/Stuardo/workspace/ReactNative/CodeChallengeDigitalHouse/assets/Subtract.png","statementMap":{"0":{"start":{"line":1,"column":0},"end":{"line":1,"column":19}}},"fnMap":{},"branchMap":{},"s":{"0":2},"f":{},"b":{},"_coverageSchema":"1a1c01bbd47fc00a2c39e90264f33305004495a9","hash":"491b2a900004b1153027530421dbe4604092456c"}
,"/Users/Stuardo/workspace/ReactNative/CodeChallengeDigitalHouse/src/components/Button/index.jsx": {"path":"/Users/Stuardo/workspace/ReactNative/CodeChallengeDigitalHouse/src/components/Button/index.jsx","statementMap":{"0":{"start":{"line":7,"column":22},"end":{"line":17,"column":1}},"1":{"start":{"line":8,"column":2},"end":{"line":16,"column":4}}},"fnMap":{"0":{"name":"(anonymous_0)","decl":{"start":{"line":7,"column":22},"end":{"line":7,"column":23}},"loc":{"start":{"line":7,"column":72},"end":{"line":17,"column":1}},"line":7}},"branchMap":{"0":{"loc":{"start":{"line":7,"column":48},"end":{"line":7,"column":65}},"type":"default-arg","locations":[{"start":{"line":7,"column":57},"end":{"line":7,"column":65}}],"line":7},"1":{"loc":{"start":{"line":11,"column":29},"end":{"line":11,"column":55}},"type":"binary-expr","locations":[{"start":{"line":11,"column":29},"end":{"line":11,"column":34}},{"start":{"line":11,"column":38},"end":{"line":11,"column":55}}],"line":11}},"s":{"0":2,"1":10},"f":{"0":10},"b":{"0":[5],"1":[10,5]},"_coverageSchema":"1a1c01bbd47fc00a2c39e90264f33305004495a9","hash":"aabdbffb89457f8884fbdd692bf8a5952f8c33d7"}
,"/Users/Stuardo/workspace/ReactNative/CodeChallengeDigitalHouse/src/components/Button/styles.js": {"path":"/Users/Stuardo/workspace/ReactNative/CodeChallengeDigitalHouse/src/components/Button/styles.js","statementMap":{"0":{"start":{"line":3,"column":22},"end":{"line":21,"column":2}}},"fnMap":{},"branchMap":{},"s":{"0":2},"f":{},"b":{},"_coverageSchema":"1a1c01bbd47fc00a2c39e90264f33305004495a9","hash":"ec761cac928a32d35e5bd136ba3a45af596c9264"}
,"/Users/Stuardo/workspace/ReactNative/CodeChallengeDigitalHouse/src/components/ButtonBottomSection/index.jsx": {"path":"/Users/Stuardo/workspace/ReactNative/CodeChallengeDigitalHouse/src/components/ButtonBottomSection/index.jsx","statementMap":{"0":{"start":{"line":7,"column":35},"end":{"line":34,"column":1}},"1":{"start":{"line":8,"column":2},"end":{"line":33,"column":4}},"2":{"start":{"line":14,"column":25},"end":{"line":14,"column":40}},"3":{"start":{"line":21,"column":27},"end":{"line":21,"column":44}},"4":{"start":{"line":27,"column":27},"end":{"line":27,"column":46}}},"fnMap":{"0":{"name":"(anonymous_0)","decl":{"start":{"line":7,"column":35},"end":{"line":7,"column":36}},"loc":{"start":{"line":7,"column":60},"end":{"line":34,"column":1}},"line":7},"1":{"name":"(anonymous_1)","decl":{"start":{"line":14,"column":19},"end":{"line":14,"column":20}},"loc":{"start":{"line":14,"column":25},"end":{"line":14,"column":40}},"line":14},"2":{"name":"(anonymous_2)","decl":{"start":{"line":21,"column":21},"end":{"line":21,"column":22}},"loc":{"start":{"line":21,"column":27},"end":{"line":21,"column":44}},"line":21},"3":{"name":"(anonymous_3)","decl":{"start":{"line":27,"column":21},"end":{"line":27,"column":22}},"loc":{"start":{"line":27,"column":27},"end":{"line":27,"column":46}},"line":27}},"branchMap":{"0":{"loc":{"start":{"line":10,"column":7},"end":{"line":31,"column":7}},"type":"cond-expr","locations":[{"start":{"line":11,"column":8},"end":{"line":15,"column":10}},{"start":{"line":17,"column":8},"end":{"line":30,"column":11}}],"line":10}},"s":{"0":1,"1":3,"2":1,"3":1,"4":1},"f":{"0":3,"1":1,"2":1,"3":1},"b":{"0":[1,2]},"_coverageSchema":"1a1c01bbd47fc00a2c39e90264f33305004495a9","hash":"55e457ec0d95dd1c65d7b3fceb9ce0990a8cf39d"}
,"/Users/Stuardo/workspace/ReactNative/CodeChallengeDigitalHouse/src/components/ButtonBottomSection/styles.js": {"path":"/Users/Stuardo/workspace/ReactNative/CodeChallengeDigitalHouse/src/components/ButtonBottomSection/styles.js","statementMap":{"0":{"start":{"line":3,"column":22},"end":{"line":9,"column":2}}},"fnMap":{},"branchMap":{},"s":{"0":1},"f":{},"b":{},"_coverageSchema":"1a1c01bbd47fc00a2c39e90264f33305004495a9","hash":"b8afef0bf6605d59f8dac3c4002efe5e8885e7e9"}
,"/Users/Stuardo/workspace/ReactNative/CodeChallengeDigitalHouse/src/components/Header/index.jsx": {"path":"/Users/Stuardo/workspace/ReactNative/CodeChallengeDigitalHouse/src/components/Header/index.jsx","statementMap":{"0":{"start":{"line":6,"column":22},"end":{"line":13,"column":1}},"1":{"start":{"line":7,"column":2},"end":{"line":12,"column":4}}},"fnMap":{"0":{"name":"(anonymous_0)","decl":{"start":{"line":6,"column":22},"end":{"line":6,"column":23}},"loc":{"start":{"line":6,"column":28},"end":{"line":13,"column":1}},"line":6}},"branchMap":{},"s":{"0":1,"1":2},"f":{"0":2},"b":{},"_coverageSchema":"1a1c01bbd47fc00a2c39e90264f33305004495a9","hash":"10412a1bfcc4928fc3811124c8c6b780995da99c"}
,"/Users/Stuardo/workspace/ReactNative/CodeChallengeDigitalHouse/src/components/Header/styles.js": {"path":"/Users/Stuardo/workspace/ReactNative/CodeChallengeDigitalHouse/src/components/Header/styles.js","statementMap":{"0":{"start":{"line":3,"column":22},"end":{"line":8,"column":2}}},"fnMap":{},"branchMap":{},"s":{"0":1},"f":{},"b":{},"_coverageSchema":"1a1c01bbd47fc00a2c39e90264f33305004495a9","hash":"013bacca3136c0ffc4ee33144b895e12c1800428"}
,"/Users/Stuardo/workspace/ReactNative/CodeChallengeDigitalHouse/src/components/MovementSection/index.jsx": {"path":"/Users/Stuardo/workspace/ReactNative/CodeChallengeDigitalHouse/src/components/MovementSection/index.jsx","statementMap":{"0":{"start":{"line":7,"column":31},"end":{"line":28,"column":1}},"1":{"start":{"line":8,"column":2},"end":{"line":27,"column":4}},"2":{"start":{"line":16,"column":10},"end":{"line":22,"column":12}},"3":{"start":{"line":24,"column":30},"end":{"line":24,"column":37}}},"fnMap":{"0":{"name":"(anonymous_0)","decl":{"start":{"line":7,"column":31},"end":{"line":7,"column":32}},"loc":{"start":{"line":7,"column":57},"end":{"line":28,"column":1}},"line":7},"1":{"name":"(anonymous_1)","decl":{"start":{"line":15,"column":20},"end":{"line":15,"column":21}},"loc":{"start":{"line":16,"column":10},"end":{"line":22,"column":12}},"line":16},"2":{"name":"(anonymous_2)","decl":{"start":{"line":24,"column":22},"end":{"line":24,"column":23}},"loc":{"start":{"line":24,"column":30},"end":{"line":24,"column":37}},"line":24}},"branchMap":{},"s":{"0":1,"1":1,"2":2,"3":2},"f":{"0":1,"1":2,"2":2},"b":{},"_coverageSchema":"1a1c01bbd47fc00a2c39e90264f33305004495a9","hash":"7272068f4e5dbc09de449c223d00ab03e5dadf04"}
,"/Users/Stuardo/workspace/ReactNative/CodeChallengeDigitalHouse/src/components/MovementSection/styles.js": {"path":"/Users/Stuardo/workspace/ReactNative/CodeChallengeDigitalHouse/src/components/MovementSection/styles.js","statementMap":{"0":{"start":{"line":3,"column":22},"end":{"line":16,"column":2}}},"fnMap":{},"branchMap":{},"s":{"0":1},"f":{},"b":{},"_coverageSchema":"1a1c01bbd47fc00a2c39e90264f33305004495a9","hash":"8bbdf76ca731f9f0b8b8456c0fca928dfdcc5c78"}
,"/Users/Stuardo/workspace/ReactNative/CodeChallengeDigitalHouse/src/components/RenderListItem/index.jsx": {"path":"/Users/Stuardo/workspace/ReactNative/CodeChallengeDigitalHouse/src/components/RenderListItem/index.jsx","statementMap":{"0":{"start":{"line":8,"column":30},"end":{"line":52,"column":1}},"1":{"start":{"line":15,"column":21},"end":{"line":15,"column":36}},"2":{"start":{"line":17,"column":2},"end":{"line":51,"column":4}},"3":{"start":{"line":22,"column":8},"end":{"line":27,"column":10}}},"fnMap":{"0":{"name":"(anonymous_0)","decl":{"start":{"line":8,"column":30},"end":{"line":8,"column":31}},"loc":{"start":{"line":14,"column":6},"end":{"line":52,"column":1}},"line":14},"1":{"name":"(anonymous_1)","decl":{"start":{"line":21,"column":15},"end":{"line":21,"column":16}},"loc":{"start":{"line":22,"column":8},"end":{"line":27,"column":10}},"line":22}},"branchMap":{"0":{"loc":{"start":{"line":40,"column":21},"end":{"line":40,"column":61}},"type":"cond-expr","locations":[{"start":{"line":40,"column":36},"end":{"line":40,"column":46}},{"start":{"line":40,"column":49},"end":{"line":40,"column":61}}],"line":40},"1":{"loc":{"start":{"line":41,"column":11},"end":{"line":41,"column":35}},"type":"cond-expr","locations":[{"start":{"line":41,"column":26},"end":{"line":41,"column":29}},{"start":{"line":41,"column":32},"end":{"line":41,"column":35}}],"line":41}},"s":{"0":2,"1":3,"2":3,"3":1},"f":{"0":3,"1":1},"b":{"0":[1,2],"1":[1,2]},"_coverageSchema":"1a1c01bbd47fc00a2c39e90264f33305004495a9","hash":"1e18931e5e7b972b19a20eb869a3ec2f40fd5632"}
,"/Users/Stuardo/workspace/ReactNative/CodeChallengeDigitalHouse/src/components/RenderListItem/styles.js": {"path":"/Users/Stuardo/workspace/ReactNative/CodeChallengeDigitalHouse/src/components/RenderListItem/styles.js","statementMap":{"0":{"start":{"line":3,"column":22},"end":{"line":44,"column":2}}},"fnMap":{},"branchMap":{},"s":{"0":2},"f":{},"b":{},"_coverageSchema":"1a1c01bbd47fc00a2c39e90264f33305004495a9","hash":"82a6cf401b2b27ec5dea7da2de7ba64a208b2977"}
,"/Users/Stuardo/workspace/ReactNative/CodeChallengeDigitalHouse/src/components/TotalPointsSection/index.jsx": {"path":"/Users/Stuardo/workspace/ReactNative/CodeChallengeDigitalHouse/src/components/TotalPointsSection/index.jsx","statementMap":{"0":{"start":{"line":6,"column":34},"end":{"line":20,"column":1}},"1":{"start":{"line":7,"column":2},"end":{"line":19,"column":4}}},"fnMap":{"0":{"name":"(anonymous_0)","decl":{"start":{"line":6,"column":34},"end":{"line":6,"column":35}},"loc":{"start":{"line":6,"column":55},"end":{"line":20,"column":1}},"line":6}},"branchMap":{},"s":{"0":1,"1":1},"f":{"0":1},"b":{},"_coverageSchema":"1a1c01bbd47fc00a2c39e90264f33305004495a9","hash":"9299324054bc7de408a8d61290de020d45efbae3"}
,"/Users/Stuardo/workspace/ReactNative/CodeChallengeDigitalHouse/src/components/TotalPointsSection/styles.js": {"path":"/Users/Stuardo/workspace/ReactNative/CodeChallengeDigitalHouse/src/components/TotalPointsSection/styles.js","statementMap":{"0":{"start":{"line":3,"column":22},"end":{"line":36,"column":2}}},"fnMap":{},"branchMap":{},"s":{"0":1},"f":{},"b":{},"_coverageSchema":"1a1c01bbd47fc00a2c39e90264f33305004495a9","hash":"18633b39421902e361d7a9a634ffabd024d287ca"}
,"/Users/Stuardo/workspace/ReactNative/CodeChallengeDigitalHouse/src/utils/DateUtils.js": {"path":"/Users/Stuardo/workspace/ReactNative/CodeChallengeDigitalHouse/src/utils/DateUtils.js","statementMap":{"0":{"start":{"line":1,"column":26},"end":{"line":22,"column":1}},"1":{"start":{"line":2,"column":15},"end":{"line":2,"column":35}},"2":{"start":{"line":3,"column":17},"end":{"line":16,"column":3}},"3":{"start":{"line":17,"column":24},"end":{"line":19,"column":27}},"4":{"start":{"line":21,"column":2},"end":{"line":21,"column":23}}},"fnMap":{"0":{"name":"(anonymous_0)","decl":{"start":{"line":1,"column":26},"end":{"line":1,"column":27}},"loc":{"start":{"line":1,"column":40},"end":{"line":22,"column":1}},"line":1}},"branchMap":{},"s":{"0":2,"1":4,"2":4,"3":4,"4":4},"f":{"0":4},"b":{},"_coverageSchema":"1a1c01bbd47fc00a2c39e90264f33305004495a9","hash":"ebaa586fa4dfb98c6d19ece5f307fb713176ffbb"}
}
